0 verbose cli D:\node\nodejs\node.exe D:\node\nodejs\node_global\node_modules\npm\bin\npm-cli.js
1 info using npm@10.9.1
2 info using node@v23.3.0
3 silly config load:file:D:\node\nodejs\node_global\node_modules\npm\npmrc
4 silly config load:file:D:\Web\vue\echarts\.npmrc
5 silly config load:file:C:\Users\song\.npmrc
6 silly config load:file:D:\node\nodejs\node_global\etc\npmrc
7 verbose title npm install echarts vue-echarts
8 verbose argv "install" "echarts" "vue-echarts"
9 verbose logfile logs-max:10 dir:D:\Web\vue\echarts\D\node\nodejs\node_cache\_logs\2024-12-04T17_50_27_112Z-
10 verbose logfile D:\Web\vue\echarts\D\node\nodejs\node_cache\_logs\2024-12-04T17_50_27_112Z-debug-0.log
11 silly logfile done cleaning log files
12 silly packumentCache heap:4345298944 maxSize:1086324736 maxEntrySize:543162368
13 silly idealTree buildDeps
14 silly fetch manifest echarts@*
15 silly packumentCache full:https://registry.npmjs.org/echarts cache-miss
16 verbose shrinkwrap failed to load node_modules/.package-lock.json out of date, updated: node_modules
17 http fetch GET 200 https://registry.npmjs.org/echarts 815ms (cache miss)
18 silly packumentCache full:https://registry.npmjs.org/echarts set size:undefined disposed:false
19 silly fetch manifest vue-echarts@*
20 silly packumentCache full:https://registry.npmjs.org/vue-echarts cache-miss
21 http fetch GET 200 https://registry.npmjs.org/vue-echarts 258ms (cache miss)
22 silly packumentCache full:https://registry.npmjs.org/vue-echarts set size:undefined disposed:false
23 silly fetch manifest @vue/runtime-core@^3.0.0
24 silly packumentCache full:https://registry.npmjs.org/@vue%2fruntime-core cache-miss
25 http fetch GET 200 https://registry.npmjs.org/@vue%2fruntime-core 411ms (cache miss)
26 silly packumentCache full:https://registry.npmjs.org/@vue%2fruntime-core set size:undefined disposed:false
27 silly fetch manifest vue@^3.2.13
28 silly packumentCache full:https://registry.npmjs.org/vue cache-miss
29 http fetch GET 200 https://registry.npmjs.org/vue 391ms (cache miss)
30 silly packumentCache full:https://registry.npmjs.org/vue set size:undefined disposed:false
31 silly fetch manifest typescript@*
32 silly packumentCache full:https://registry.npmjs.org/typescript cache-miss
33 http fetch GET 200 https://registry.npmjs.org/typescript 607ms (cache miss)
34 silly packumentCache full:https://registry.npmjs.org/typescript set size:undefined disposed:false
35 silly placeDep ROOT echarts@5.5.1 OK for: vue@0.1.0 want: *
36 silly placeDep ROOT vue-echarts@7.0.3 OK for: vue@0.1.0 want: *
37 silly fetch manifest tslib@2.3.0
38 silly packumentCache full:https://registry.npmjs.org/tslib cache-miss
39 silly fetch manifest zrender@5.6.0
40 silly packumentCache full:https://registry.npmjs.org/zrender cache-miss
41 silly fetch manifest vue-demi@^0.13.11
42 silly packumentCache full:https://registry.npmjs.org/vue-demi cache-miss
43 http fetch GET 200 https://registry.npmjs.org/tslib 210ms (cache miss)
44 silly packumentCache full:https://registry.npmjs.org/tslib set size:undefined disposed:false
45 http fetch GET 200 https://registry.npmjs.org/zrender 384ms (cache miss)
46 silly packumentCache full:https://registry.npmjs.org/zrender set size:undefined disposed:false
47 http fetch GET 200 https://registry.npmjs.org/vue-demi 1005ms (cache miss)
48 silly packumentCache full:https://registry.npmjs.org/vue-demi set size:undefined disposed:false
49 silly placeDep node_modules/echarts tslib@2.3.0 OK for: echarts@5.5.1 want: 2.3.0
50 silly placeDep ROOT zrender@5.6.0 OK for: echarts@5.5.1 want: 5.6.0
51 silly fetch manifest @vue/composition-api@^1.0.0-rc.1
52 silly packumentCache full:https://registry.npmjs.org/@vue%2fcomposition-api cache-miss
53 http fetch GET 200 https://registry.npmjs.org/@vue%2fcomposition-api 242ms (cache miss)
54 silly packumentCache full:https://registry.npmjs.org/@vue%2fcomposition-api set size:undefined disposed:false
55 silly fetch manifest vue@^2.7.0 || ^3.1.1
56 silly packumentCache full:https://registry.npmjs.org/vue cache-miss
57 http cache https://registry.npmjs.org/vue 20ms (cache hit)
58 silly packumentCache full:https://registry.npmjs.org/vue set size:1901524 disposed:false
59 silly fetch manifest vue@>= 2.5 < 2.7
60 silly packumentCache full:https://registry.npmjs.org/vue cache-miss
61 http cache https://registry.npmjs.org/vue 8ms (cache hit)
62 silly packumentCache full:https://registry.npmjs.org/vue set size:1901524 disposed:false
63 silly placeDep ROOT vue-demi@0.13.11 OK for: vue-echarts@7.0.3 want: ^0.13.11
64 silly placeDep node_modules/zrender tslib@2.3.0 OK for: zrender@5.6.0 want: 2.3.0
65 warn EBADENGINE Unsupported engine {
65 warn EBADENGINE   package: '@achrinza/node-ipc@9.2.9',
65 warn EBADENGINE   required: {
65 warn EBADENGINE     node: '8 || 9 || 10 || 11 || 12 || 13 || 14 || 15 || 16 || 17 || 18 || 19 || 20 || 21 || 22'
65 warn EBADENGINE   },
65 warn EBADENGINE   current: { node: 'v23.3.0', npm: '10.9.1' }
65 warn EBADENGINE }
66 silly reify moves {}
67 silly audit bulk request {
67 silly audit   vue: [ '3.5.13' ],
67 silly audit   '@achrinza/node-ipc': [ '9.2.9' ],
67 silly audit   '@ampproject/remapping': [ '2.3.0' ],
67 silly audit   '@babel/code-frame': [ '7.26.2', '7.12.11' ],
67 silly audit   '@babel/compat-data': [ '7.26.2' ],
67 silly audit   '@babel/core': [ '7.26.0' ],
67 silly audit   '@babel/eslint-parser': [ '7.25.9' ],
67 silly audit   '@babel/generator': [ '7.26.2' ],
67 silly audit   '@babel/helper-annotate-as-pure': [ '7.25.9' ],
67 silly audit   '@babel/helper-builder-binary-assignment-operator-visitor': [ '7.25.9' ],
67 silly audit   '@babel/helper-compilation-targets': [ '7.25.9' ],
67 silly audit   '@babel/helper-create-class-features-plugin': [ '7.25.9' ],
67 silly audit   '@babel/helper-create-regexp-features-plugin': [ '7.25.9' ],
67 silly audit   '@babel/helper-define-polyfill-provider': [ '0.6.3' ],
67 silly audit   '@babel/helper-member-expression-to-functions': [ '7.25.9' ],
67 silly audit   '@babel/helper-module-imports': [ '7.25.9' ],
67 silly audit   '@babel/helper-module-transforms': [ '7.26.0' ],
67 silly audit   '@babel/helper-optimise-call-expression': [ '7.25.9' ],
67 silly audit   '@babel/helper-plugin-utils': [ '7.25.9' ],
67 silly audit   '@babel/helper-remap-async-to-generator': [ '7.25.9' ],
67 silly audit   '@babel/helper-replace-supers': [ '7.25.9' ],
67 silly audit   '@babel/helper-simple-access': [ '7.25.9' ],
67 silly audit   '@babel/helper-skip-transparent-expression-wrappers': [ '7.25.9' ],
67 silly audit   '@babel/helper-string-parser': [ '7.25.9' ],
67 silly audit   '@babel/helper-validator-identifier': [ '7.25.9' ],
67 silly audit   '@babel/helper-validator-option': [ '7.25.9' ],
67 silly audit   '@babel/helper-wrap-function': [ '7.25.9' ],
67 silly audit   '@babel/helpers': [ '7.26.0' ],
67 silly audit   '@babel/highlight': [ '7.25.9' ],
67 silly audit   'ansi-styles': [ '3.2.1', '4.3.0' ],
67 silly audit   chalk: [ '2.4.2', '4.1.2', '3.0.0' ],
67 silly audit   'color-convert': [ '1.9.3', '2.0.1' ],
67 silly audit   'color-name': [ '1.1.3', '1.1.4' ],
67 silly audit   'has-flag': [ '3.0.0', '4.0.0' ],
67 silly audit   'supports-color': [ '5.5.0', '8.1.1', '7.2.0' ],
67 silly audit   '@babel/parser': [ '7.26.2' ],
67 silly audit   '@babel/plugin-bugfix-firefox-class-in-computed-class-key': [ '7.25.9' ],
67 silly audit   '@babel/plugin-bugfix-safari-class-field-initializer-scope': [ '7.25.9' ],
67 silly audit   '@babel/plugin-bugfix-safari-id-destructuring-collision-in-function-expression': [ '7.25.9' ],
67 silly audit   '@babel/plugin-bugfix-v8-spread-parameters-in-optional-chaining': [ '7.25.9' ],
67 silly audit   '@babel/plugin-bugfix-v8-static-class-fields-redefine-readonly': [ '7.25.9' ],
67 silly audit   '@babel/plugin-proposal-class-properties': [ '7.18.6' ],
67 silly audit   '@babel/plugin-proposal-decorators': [ '7.25.9' ],
67 silly audit   '@babel/plugin-proposal-private-property-in-object': [ '7.21.0-placeholder-for-preset-env.2' ],
67 silly audit   '@babel/plugin-syntax-decorators': [ '7.25.9' ],
67 silly audit   '@babel/plugin-syntax-dynamic-import': [ '7.8.3' ],
67 silly audit   '@babel/plugin-syntax-import-assertions': [ '7.26.0' ],
67 silly audit   '@babel/plugin-syntax-import-attributes': [ '7.26.0' ],
67 silly audit   '@babel/plugin-syntax-jsx': [ '7.25.9' ],
67 silly audit   '@babel/plugin-syntax-unicode-sets-regex': [ '7.18.6' ],
67 silly audit   '@babel/plugin-transform-arrow-functions': [ '7.25.9' ],
67 silly audit   '@babel/plugin-transform-async-generator-functions': [ '7.25.9' ],
67 silly audit   '@babel/plugin-transform-async-to-generator': [ '7.25.9' ],
67 silly audit   '@babel/plugin-transform-block-scoped-functions': [ '7.25.9' ],
67 silly audit   '@babel/plugin-transform-block-scoping': [ '7.25.9' ],
67 silly audit   '@babel/plugin-transform-class-properties': [ '7.25.9' ],
67 silly audit   '@babel/plugin-transform-class-static-block': [ '7.26.0' ],
67 silly audit   '@babel/plugin-transform-classes': [ '7.25.9' ],
67 silly audit   '@babel/plugin-transform-computed-properties': [ '7.25.9' ],
67 silly audit   '@babel/plugin-transform-destructuring': [ '7.25.9' ],
67 silly audit   '@babel/plugin-transform-dotall-regex': [ '7.25.9' ],
67 silly audit   '@babel/plugin-transform-duplicate-keys': [ '7.25.9' ],
67 silly audit   '@babel/plugin-transform-duplicate-named-capturing-groups-regex': [ '7.25.9' ],
67 silly audit   '@babel/plugin-transform-dynamic-import': [ '7.25.9' ],
67 silly audit   '@babel/plugin-transform-exponentiation-operator': [ '7.25.9' ],
67 silly audit   '@babel/plugin-transform-export-namespace-from': [ '7.25.9' ],
67 silly audit   '@babel/plugin-transform-for-of': [ '7.25.9' ],
67 silly audit   '@babel/plugin-transform-function-name': [ '7.25.9' ],
67 silly audit   '@babel/plugin-transform-json-strings': [ '7.25.9' ],
67 silly audit   '@babel/plugin-transform-literals': [ '7.25.9' ],
67 silly audit   '@babel/plugin-transform-logical-assignment-operators': [ '7.25.9' ],
67 silly audit   '@babel/plugin-transform-member-expression-literals': [ '7.25.9' ],
67 silly audit   '@babel/plugin-transform-modules-amd': [ '7.25.9' ],
67 silly audit   '@babel/plugin-transform-modules-commonjs': [ '7.25.9' ],
67 silly audit   '@babel/plugin-transform-modules-systemjs': [ '7.25.9' ],
67 silly audit   '@babel/plugin-transform-modules-umd': [ '7.25.9' ],
67 silly audit   '@babel/plugin-transform-named-capturing-groups-regex': [ '7.25.9' ],
67 silly audit   '@babel/plugin-transform-new-target': [ '7.25.9' ],
67 silly audit   '@babel/plugin-transform-nullish-coalescing-operator': [ '7.25.9' ],
67 silly audit   '@babel/plugin-transform-numeric-separator': [ '7.25.9' ],
67 silly audit   '@babel/plugin-transform-object-rest-spread': [ '7.25.9' ],
67 silly audit   '@babel/plugin-transform-object-super': [ '7.25.9' ],
67 silly audit   '@babel/plugin-transform-optional-catch-binding': [ '7.25.9' ],
67 silly audit   '@babel/plugin-transform-optional-chaining': [ '7.25.9' ],
67 silly audit   '@babel/plugin-transform-parameters': [ '7.25.9' ],
67 silly audit   '@babel/plugin-transform-private-methods': [ '7.25.9' ],
67 silly audit   '@babel/plugin-transform-private-property-in-object': [ '7.25.9' ],
67 silly audit   '@babel/plugin-transform-property-literals': [ '7.25.9' ],
67 silly audit   '@babel/plugin-transform-regenerator': [ '7.25.9' ],
67 silly audit   '@babel/plugin-transform-regexp-modifiers': [ '7.26.0' ],
67 silly audit   '@babel/plugin-transform-reserved-words': [ '7.25.9' ],
67 silly audit   '@babel/plugin-transform-runtime': [ '7.25.9' ],
67 silly audit   '@babel/plugin-transform-shorthand-properties': [ '7.25.9' ],
67 silly audit   '@babel/plugin-transform-spread': [ '7.25.9' ],
67 silly audit   '@babel/plugin-transform-sticky-regex': [ '7.25.9' ],
67 silly audit   '@babel/plugin-transform-template-literals': [ '7.25.9' ],
67 silly audit   '@babel/plugin-transform-typeof-symbol': [ '7.25.9' ],
67 silly audit   '@babel/plugin-transform-unicode-escapes': [ '7.25.9' ],
67 silly audit   '@babel/plugin-transform-unicode-property-regex': [ '7.25.9' ],
67 silly audit   '@babel/plugin-transform-unicode-regex': [ '7.25.9' ],
67 silly audit   '@babel/plugin-transform-unicode-sets-regex': [ '7.25.9' ],
67 silly audit   '@babel/preset-env': [ '7.26.0' ],
67 silly audit   '@babel/preset-modules': [ '0.1.6-no-external-plugins' ],
67 silly audit   '@babel/runtime': [ '7.26.0' ],
67 silly audit   '@babel/template': [ '7.25.9' ],
67 silly audit   '@babel/traverse': [ '7.25.9' ],
67 silly audit   '@babel/types': [ '7.26.0' ],
67 silly audit   '@discoveryjs/json-ext': [ '0.5.7' ],
67 silly audit   '@eslint/eslintrc': [ '0.4.3' ],
67 silly audit   globals: [ '13.24.0', '11.12.0' ],
67 silly audit   ignore: [ '4.0.6', '5.3.2' ],
67 silly audit   'type-fest': [ '0.20.2', '0.8.1', '0.6.0' ],
67 silly audit   '@hapi/hoek': [ '9.3.0' ],
67 silly audit   '@hapi/topo': [ '5.1.0' ],
67 silly audit   '@humanwhocodes/config-array': [ '0.5.0' ],
67 silly audit   '@humanwhocodes/object-schema': [ '1.2.1' ],
67 silly audit   '@jridgewell/gen-mapping': [ '0.3.5' ],
67 silly audit   '@jridgewell/resolve-uri': [ '3.1.2' ],
67 silly audit   '@jridgewell/set-array': [ '1.2.1' ],
67 silly audit   '@jridgewell/source-map': [ '0.3.6' ],
67 silly audit   '@jridgewell/sourcemap-codec': [ '1.5.0' ],
67 silly audit   '@jridgewell/trace-mapping': [ '0.3.25' ],
67 silly audit   '@leichtgewicht/ip-codec': [ '2.0.5' ],
67 silly audit   '@nicolo-ribaudo/eslint-scope-5-internals': [ '5.1.1-v1' ],
67 silly audit   '@node-ipc/js-queue': [ '2.0.3' ],
67 silly audit   '@nodelib/fs.scandir': [ '2.1.5' ],
67 silly audit   '@nodelib/fs.stat': [ '2.0.5' ],
67 silly audit   '@nodelib/fs.walk': [ '1.2.8' ],
67 silly audit   '@polka/url': [ '1.0.0-next.28' ],
67 silly audit   '@sideway/address': [ '4.1.5' ],
67 silly audit   '@sideway/formula': [ '3.0.1' ],
67 silly audit   '@sideway/pinpoint': [ '2.0.0' ],
67 silly audit   '@soda/friendly-errors-webpack-plugin': [ '1.8.1' ],
67 silly audit   '@soda/get-current-script': [ '1.0.2' ],
67 silly audit   '@trysound/sax': [ '0.2.0' ],
67 silly audit   '@types/body-parser': [ '1.19.5' ],
67 silly audit   '@types/bonjour': [ '3.5.13' ],
67 silly audit   '@types/connect': [ '3.4.38' ],
67 silly audit   '@types/connect-history-api-fallback': [ '1.5.4' ],
67 silly audit   '@types/eslint': [ '8.56.12' ],
67 silly audit   '@types/eslint-scope': [ '3.7.7' ],
67 silly audit   '@types/estree': [ '1.0.6' ],
67 silly audit   '@types/express': [ '4.17.21' ],
67 silly audit   '@types/express-serve-static-core': [ '5.0.2', '4.19.6' ],
67 silly audit   '@types/html-minifier-terser': [ '6.1.0' ],
67 silly audit   '@types/http-errors': [ '2.0.4' ],
67 silly audit   '@types/http-proxy': [ '1.17.15' ],
67 silly audit   '@types/json-schema': [ '7.0.15' ],
67 silly audit   '@types/mime': [ '1.3.5' ],
67 silly audit   '@types/minimist': [ '1.2.5' ],
67 silly audit   '@types/node': [ '22.10.1' ],
67 silly audit   '@types/node-forge': [ '1.3.11' ],
67 silly audit   '@types/normalize-package-data': [ '2.4.4' ],
67 silly audit   '@types/parse-json': [ '4.0.2' ],
67 silly audit   '@types/qs': [ '6.9.17' ],
67 silly audit   '@types/range-parser': [ '1.2.7' ],
67 silly audit   '@types/retry': [ '0.12.0' ],
67 silly audit   '@types/send': [ '0.17.4' ],
67 silly audit   '@types/serve-index': [ '1.9.4' ],
67 silly audit   '@types/serve-static': [ '1.15.7' ],
67 silly audit   '@types/sockjs': [ '0.3.36' ],
67 silly audit   '@types/ws': [ '8.5.13' ],
67 silly audit   '@vue/babel-helper-vue-jsx-merge-props': [ '1.4.0' ],
67 silly audit   '@vue/babel-helper-vue-transform-on': [ '1.2.5' ],
67 silly audit   '@vue/babel-plugin-jsx': [ '1.2.5' ],
67 silly audit   '@vue/babel-plugin-resolve-type': [ '1.2.5' ],
67 silly audit   '@vue/babel-plugin-transform-vue-jsx': [ '1.4.0' ],
67 silly audit   'html-tags': [ '2.0.0', '3.3.1' ],
67 silly audit   '@vue/babel-preset-app': [ '5.0.8' ],
67 silly audit   semver: [ '7.6.3', '5.7.2', '6.3.1' ],
67 silly audit   '@vue/babel-preset-jsx': [ '1.4.0' ],
67 silly audit   '@vue/babel-sugar-composition-api-inject-h': [ '1.4.0' ],
67 silly audit   '@vue/babel-sugar-composition-api-render-instance': [ '1.4.0' ],
67 silly audit   '@vue/babel-sugar-functional-vue': [ '1.4.0' ],
67 silly audit   '@vue/babel-sugar-inject-h': [ '1.4.0' ],
67 silly audit   '@vue/babel-sugar-v-model': [ '1.4.0' ],
67 silly audit   '@vue/babel-sugar-v-on': [ '1.4.0' ],
67 silly audit   '@vue/cli-overlay': [ '5.0.8' ],
67 silly audit   '@vue/cli-plugin-babel': [ '5.0.8' ],
67 silly audit   '@vue/cli-plugin-eslint': [ '5.0.8' ],
67 silly audit   '@vue/cli-plugin-router': [ '5.0.8' ],
67 silly audit   '@vue/cli-plugin-vuex': [ '5.0.8' ],
67 silly audit   '@vue/cli-service': [ '5.0.8' ],
67 silly audit   '@vue/cli-shared-utils': [ '5.0.8' ],
67 silly audit   'lru-cache': [ '6.0.0', '4.1.5', '5.1.1' ],
67 silly audit   yallist: [ '4.0.0', '2.1.2', '3.1.1' ],
67 silly audit   '@vue/compiler-core': [ '3.5.13' ],
67 silly audit   '@vue/compiler-dom': [ '3.5.13' ],
67 silly audit   '@vue/compiler-sfc': [ '3.5.13' ],
67 silly audit   '@vue/compiler-ssr': [ '3.5.13' ],
67 silly audit   '@vue/component-compiler-utils': [ '3.3.0' ],
67 silly audit   'hash-sum': [ '1.0.2', '2.0.0' ],
67 silly audit   picocolors: [ '0.2.1', '1.1.1' ],
67 silly audit   postcss: [ '7.0.39', '8.4.49' ],
67 silly audit   '@vue/reactivity': [ '3.5.13' ],
67 silly audit   '@vue/runtime-core': [ '3.5.13' ],
67 silly audit   '@vue/runtime-dom': [ '3.5.13' ],
67 silly audit   '@vue/server-renderer': [ '3.5.13' ],
67 silly audit   '@vue/shared': [ '3.5.13' ],
67 silly audit   'vue-loader': [ '15.11.1', '17.4.2' ],
67 silly audit   '@vue/web-component-wrapper': [ '1.3.0' ],
67 silly audit   '@webassemblyjs/ast': [ '1.14.1' ],
67 silly audit   '@webassemblyjs/floating-point-hex-parser': [ '1.13.2' ],
67 silly audit   '@webassemblyjs/helper-api-error': [ '1.13.2' ],
67 silly audit   '@webassemblyjs/helper-buffer': [ '1.14.1' ],
67 silly audit   '@webassemblyjs/helper-numbers': [ '1.13.2' ],
67 silly audit   '@webassemblyjs/helper-wasm-bytecode': [ '1.13.2' ],
67 silly audit   '@webassemblyjs/helper-wasm-section': [ '1.14.1' ],
67 silly audit   '@webassemblyjs/ieee754': [ '1.13.2' ],
67 silly audit   '@webassemblyjs/leb128': [ '1.13.2' ],
67 silly audit   '@webassemblyjs/utf8': [ '1.13.2' ],
67 silly audit   '@webassemblyjs/wasm-edit': [ '1.14.1' ],
67 silly audit   '@webassemblyjs/wasm-gen': [ '1.14.1' ],
67 silly audit   '@webassemblyjs/wasm-opt': [ '1.14.1' ],
67 silly audit   '@webassemblyjs/wasm-parser': [ '1.14.1' ],
67 silly audit   '@webassemblyjs/wast-printer': [ '1.14.1' ],
67 silly audit   '@xtuc/ieee754': [ '1.2.0' ],
67 silly audit   '@xtuc/long': [ '4.2.2' ],
67 silly audit   accepts: [ '1.3.8' ],
67 silly audit   negotiator: [ '0.6.3', '0.6.4' ],
67 silly audit   acorn: [ '8.14.0', '7.4.1' ],
67 silly audit   'acorn-jsx': [ '5.3.2' ],
67 silly audit   'acorn-walk': [ '8.3.4' ],
67 silly audit   address: [ '1.2.2' ],
67 silly audit   ajv: [ '6.12.6', '8.17.1' ],
67 silly audit   'ajv-formats': [ '2.1.1' ],
67 silly audit   'json-schema-traverse': [ '1.0.0', '0.4.1' ],
67 silly audit   'ajv-keywords': [ '3.5.2', '5.1.0' ],
67 silly audit   'ansi-colors': [ '4.1.3' ],
67 silly audit   'ansi-escapes': [ '3.2.0' ],
67 silly audit   'ansi-html-community': [ '0.0.8' ],
67 silly audit   'ansi-regex': [ '5.0.1', '3.0.1' ],
67 silly audit   'any-promise': [ '1.3.0' ],
67 silly audit   anymatch: [ '3.1.3' ],
67 silly audit   arch: [ '2.2.0' ],
67 silly audit   argparse: [ '1.0.10' ],
67 silly audit   'array-flatten': [ '1.1.1' ],
67 silly audit   'array-union': [ '2.1.0' ],
67 silly audit   'astral-regex': [ '2.0.0' ],
67 silly audit   async: [ '2.6.4' ],
67 silly audit   'at-least-node': [ '1.0.0' ],
67 silly audit   autoprefixer: [ '10.4.20' ],
67 silly audit   'babel-loader': [ '8.4.1' ],
67 silly audit   'loader-utils': [ '2.0.4', '1.4.2' ],
67 silly audit   'babel-plugin-dynamic-import-node': [ '2.3.3' ],
67 silly audit   'babel-plugin-polyfill-corejs2': [ '0.4.12' ],
67 silly audit   'babel-plugin-polyfill-corejs3': [ '0.10.6' ],
67 silly audit   'babel-plugin-polyfill-regenerator': [ '0.6.3' ],
67 silly audit   'balanced-match': [ '1.0.2' ],
67 silly audit   'base64-js': [ '1.5.1' ],
67 silly audit   batch: [ '0.6.1' ],
67 silly audit   'big.js': [ '5.2.2' ],
67 silly audit   'binary-extensions': [ '2.3.0' ],
67 silly audit   bl: [ '4.1.0' ],
67 silly audit   bluebird: [ '3.7.2' ],
67 silly audit   'body-parser': [ '1.20.3' ],
67 silly audit   debug: [ '2.6.9', '4.3.7', '3.2.7' ],
67 silly audit   ms: [ '2.0.0', '2.1.3' ],
67 silly audit   'bonjour-service': [ '1.3.0' ],
67 silly audit   boolbase: [ '1.0.0' ],
67 silly audit   'brace-expansion': [ '1.1.11' ],
67 silly audit   braces: [ '3.0.3' ],
67 silly audit   browserslist: [ '4.24.2' ],
67 silly audit   buffer: [ '5.7.1' ],
67 silly audit   'buffer-from': [ '1.1.2' ],
67 silly audit   bytes: [ '3.1.2' ],
67 silly audit   'call-bind': [ '1.0.7' ],
67 silly audit   callsites: [ '3.1.0' ],
67 silly audit   'camel-case': [ '4.1.2' ],
67 silly audit   camelcase: [ '5.3.1' ],
67 silly audit   'caniuse-api': [ '3.0.0' ],
67 silly audit   'caniuse-lite': [ '1.0.30001686' ],
67 silly audit   'case-sensitive-paths-webpack-plugin': [ '2.4.0' ],
67 silly audit   chokidar: [ '3.6.0' ],
67 silly audit   'glob-parent': [ '5.1.2', '6.0.2' ],
67 silly audit   'chrome-trace-event': [ '1.0.4' ],
67 silly audit   'ci-info': [ '1.6.0' ],
67 silly audit   'clean-css': [ '5.3.3' ],
67 silly audit   'cli-cursor': [ '3.1.0', '2.1.0' ],
67 silly audit   'cli-highlight': [ '2.1.11' ],
67 silly audit   'cli-spinners': [ '2.9.2' ],
67 silly audit   clipboardy: [ '2.3.0' ],
67 silly audit   cliui: [ '7.0.4' ],
67 silly audit   clone: [ '1.0.4' ],
67 silly audit   'clone-deep': [ '4.0.1' ],
67 silly audit   colord: [ '2.9.3' ],
67 silly audit   colorette: [ '2.0.20' ],
67 silly audit   commander: [ '8.3.0', '7.2.0', '2.20.3' ],
67 silly audit   commondir: [ '1.0.1' ],
67 silly audit   compressible: [ '2.0.18' ],
67 silly audit   compression: [ '1.7.5' ],
67 silly audit   'concat-map': [ '0.0.1' ],
67 silly audit   'connect-history-api-fallback': [ '2.0.0' ],
67 silly audit   consolidate: [ '0.15.1' ],
67 silly audit   'content-disposition': [ '0.5.4' ],
67 silly audit   'content-type': [ '1.0.5' ],
67 silly audit   'convert-source-map': [ '2.0.0' ],
67 silly audit   cookie: [ '0.7.1' ],
67 silly audit   'cookie-signature': [ '1.0.6' ],
67 silly audit   'copy-webpack-plugin': [ '9.1.0' ],
67 silly audit   'schema-utils': [ '3.3.0', '4.2.0', '2.7.1' ],
67 silly audit   'core-js': [ '3.39.0' ],
67 silly audit   'core-js-compat': [ '3.39.0' ],
67 silly audit   'core-util-is': [ '1.0.3' ],
67 silly audit   cosmiconfig: [ '7.1.0' ],
67 silly audit   'cross-spawn': [ '6.0.6', '7.0.6', '5.1.0' ],
67 silly audit   'css-declaration-sorter': [ '6.4.1' ],
67 silly audit   'css-loader': [ '6.11.0' ],
67 silly audit   'css-minimizer-webpack-plugin': [ '3.4.1' ],
67 silly audit   'css-select': [ '4.3.0' ],
67 silly audit   'css-tree': [ '1.1.3' ],
67 silly audit   'css-what': [ '6.1.0' ],
67 silly audit   cssesc: [ '3.0.0' ],
67 silly audit   cssnano: [ '5.1.15' ],
67 silly audit   'cssnano-preset-default': [ '5.2.14' ],
67 silly audit   'cssnano-utils': [ '3.1.0' ],
67 silly audit   csso: [ '4.2.0' ],
67 silly audit   csstype: [ '3.1.3' ],
67 silly audit   debounce: [ '1.2.1' ],
67 silly audit   'deep-is': [ '0.1.4' ],
67 silly audit   deepmerge: [ '1.5.2' ],
67 silly audit   'default-gateway': [ '6.0.3' ],
67 silly audit   execa: [ '5.1.1', '1.0.0', '0.8.0' ],
67 silly audit   'get-stream': [ '6.0.1', '4.1.0', '3.0.0' ],
67 silly audit   'is-stream': [ '2.0.1', '1.1.0' ],
67 silly audit   'npm-run-path': [ '4.0.1', '2.0.2' ],
67 silly audit   'path-key': [ '3.1.1', '2.0.1' ],
67 silly audit   'shebang-command': [ '2.0.0', '1.2.0' ],
67 silly audit   'shebang-regex': [ '3.0.0', '1.0.0' ],
67 silly audit   which: [ '2.0.2', '1.3.1' ],
67 silly audit   defaults: [ '1.0.4' ],
67 silly audit   'define-data-property': [ '1.1.4' ],
67 silly audit   'define-lazy-prop': [ '2.0.0' ],
67 silly audit   'define-properties': [ '1.2.1' ],
67 silly audit   depd: [ '2.0.0', '1.1.2' ],
67 silly audit   destroy: [ '1.2.0' ],
67 silly audit   'detect-node': [ '2.1.0' ],
67 silly audit   'dir-glob': [ '3.0.1' ],
67 silly audit   'dns-packet': [ '5.6.1' ],
67 silly audit   doctrine: [ '3.0.0' ],
67 silly audit   'dom-converter': [ '0.2.0' ],
67 silly audit   'dom-serializer': [ '1.4.1' ],
67 silly audit   entities: [ '2.2.0', '4.5.0' ],
67 silly audit   domelementtype: [ '2.3.0' ],
67 silly audit   domhandler: [ '4.3.1' ],
67 silly audit   domutils: [ '2.8.0' ],
67 silly audit   'dot-case': [ '3.0.4' ],
67 silly audit   dotenv: [ '10.0.0' ],
67 silly audit   'dotenv-expand': [ '5.1.0' ],
67 silly audit   duplexer: [ '0.1.2' ],
67 silly audit   'easy-stack': [ '1.0.1' ],
67 silly audit   'ee-first': [ '1.1.1' ],
67 silly audit   'electron-to-chromium': [ '1.5.68' ],
67 silly audit   'emoji-regex': [ '8.0.0' ],
67 silly audit   'emojis-list': [ '3.0.0' ],
67 silly audit   encodeurl: [ '2.0.0', '1.0.2' ],
67 silly audit   'end-of-stream': [ '1.4.4' ],
67 silly audit   'enhanced-resolve': [ '5.17.1' ],
67 silly audit   enquirer: [ '2.4.1' ],
67 silly audit   'error-ex': [ '1.3.2' ],
67 silly audit   'error-stack-parser': [ '2.1.4' ],
67 silly audit   'es-define-property': [ '1.0.0' ],
67 silly audit   'es-errors': [ '1.3.0' ],
67 silly audit   'es-module-lexer': [ '1.5.4' ],
67 silly audit   escalade: [ '3.2.0' ],
67 silly audit   'escape-html': [ '1.0.3' ],
67 silly audit   'escape-string-regexp': [ '1.0.5', '4.0.0' ],
67 silly audit   eslint: [ '7.32.0' ],
67 silly audit   'eslint-plugin-vue': [ '8.7.1' ],
67 silly audit   'eslint-utils': [ '3.0.0', '2.1.0' ],
67 silly audit   'eslint-scope': [ '5.1.1', '7.2.2' ],
67 silly audit   'eslint-visitor-keys': [ '1.3.0', '2.1.0', '3.4.3' ],
67 silly audit   'eslint-webpack-plugin': [ '3.2.0' ],
67 silly audit   'jest-worker': [ '28.1.3', '27.5.1' ],
67 silly audit   espree: [ '7.3.1', '9.6.1' ],
67 silly audit   esprima: [ '4.0.1' ],
67 silly audit   esquery: [ '1.6.0' ],
67 silly audit   estraverse: [ '5.3.0', '4.3.0' ],
67 silly audit   esrecurse: [ '4.3.0' ],
67 silly audit   'estree-walker': [ '2.0.2' ],
67 silly audit   esutils: [ '2.0.3' ],
67 silly audit   etag: [ '1.8.1' ],
67 silly audit   'event-pubsub': [ '4.3.0' ],
67 silly audit   eventemitter3: [ '4.0.7' ],
67 silly audit   events: [ '3.3.0' ],
67 silly audit   express: [ '4.21.1' ],
67 silly audit   'fast-deep-equal': [ '3.1.3' ],
67 silly audit   'fast-glob': [ '3.3.2' ],
67 silly audit   'fast-json-stable-stringify': [ '2.1.0' ],
67 silly audit   'fast-levenshtein': [ '2.0.6' ],
67 silly audit   'fast-uri': [ '3.0.3' ],
67 silly audit   fastq: [ '1.17.1' ],
67 silly audit   'faye-websocket': [ '0.11.4' ],
67 silly audit   figures: [ '2.0.0' ],
67 silly audit   'file-entry-cache': [ '6.0.1' ],
67 silly audit   'fill-range': [ '7.1.1' ],
67 silly audit   finalhandler: [ '1.3.1' ],
67 silly audit   'find-cache-dir': [ '3.3.2' ],
67 silly audit   'find-up': [ '4.1.0' ],
67 silly audit   flat: [ '5.0.2' ],
67 silly audit   'flat-cache': [ '3.2.0' ],
67 silly audit   flatted: [ '3.3.2' ],
67 silly audit   'follow-redirects': [ '1.15.9' ],
67 silly audit   forwarded: [ '0.2.0' ],
67 silly audit   'fraction.js': [ '4.3.7' ],
67 silly audit   fresh: [ '0.5.2' ],
67 silly audit   'fs-extra': [ '9.1.0' ],
67 silly audit   'fs-monkey': [ '1.0.6' ],
67 silly audit   'fs.realpath': [ '1.0.0' ],
67 silly audit   fsevents: [ '2.3.3' ],
67 silly audit   'function-bind': [ '1.1.2' ],
67 silly audit   'functional-red-black-tree': [ '1.0.1' ],
67 silly audit   gensync: [ '1.0.0-beta.2' ],
67 silly audit   'get-caller-file': [ '2.0.5' ],
67 silly audit   'get-intrinsic': [ '1.2.4' ],
67 silly audit   glob: [ '7.2.3' ],
67 silly audit   'glob-to-regexp': [ '0.4.1' ],
67 silly audit   globby: [ '11.1.0' ],
67 silly audit   gopd: [ '1.1.0' ],
67 silly audit   'graceful-fs': [ '4.2.11' ],
67 silly audit   'gzip-size': [ '6.0.0' ],
67 silly audit   'handle-thing': [ '2.0.1' ],
67 silly audit   'has-property-descriptors': [ '1.0.2' ],
67 silly audit   'has-proto': [ '1.1.0' ],
67 silly audit   'has-symbols': [ '1.1.0' ],
67 silly audit   hasown: [ '2.0.2' ],
67 silly audit   he: [ '1.2.0' ],
67 silly audit   'highlight.js': [ '10.7.3' ],
67 silly audit   'hosted-git-info': [ '2.8.9' ],
67 silly audit   'hpack.js': [ '2.1.6' ],
67 silly audit   'readable-stream': [ '2.3.8', '3.6.2' ],
67 silly audit   'safe-buffer': [ '5.1.2', '5.2.1' ],
67 silly audit   string_decoder: [ '1.1.1', '1.3.0' ],
67 silly audit   'html-entities': [ '2.5.2' ],
67 silly audit   'html-escaper': [ '2.0.2' ],
67 silly audit   'html-minifier-terser': [ '6.1.0' ],
67 silly audit   'html-webpack-plugin': [ '5.6.3' ],
67 silly audit   htmlparser2: [ '6.1.0' ],
67 silly audit   'http-deceiver': [ '1.2.7' ],
67 silly audit   'http-errors': [ '2.0.0', '1.6.3' ],
67 silly audit   'http-parser-js': [ '0.5.8' ],
67 silly audit   'http-proxy': [ '1.18.1' ],
67 silly audit   'http-proxy-middleware': [ '2.0.7' ],
67 silly audit   'human-signals': [ '2.1.0' ],
67 silly audit   'iconv-lite': [ '0.4.24' ],
67 silly audit   'icss-utils': [ '5.1.0' ],
67 silly audit   ieee754: [ '1.2.1' ],
67 silly audit   'import-fresh': [ '3.3.0' ],
67 silly audit   imurmurhash: [ '0.1.4' ],
67 silly audit   inflight: [ '1.0.6' ],
67 silly audit   inherits: [ '2.0.4', '2.0.3' ],
67 silly audit   'ipaddr.js': [ '2.2.0', '1.9.1' ],
67 silly audit   'is-arrayish': [ '0.2.1' ],
67 silly audit   'is-binary-path': [ '2.1.0' ],
67 silly audit   'is-ci': [ '1.2.1' ],
67 silly audit   'is-core-module': [ '2.15.1' ],
67 silly audit   'is-docker': [ '2.2.1' ],
67 silly audit   'is-extglob': [ '2.1.1' ],
67 silly audit   'is-file-esm': [ '1.0.0' ],
67 silly audit   'is-fullwidth-code-point': [ '3.0.0', '2.0.0' ],
67 silly audit   'is-glob': [ '4.0.3' ],
67 silly audit   'is-interactive': [ '1.0.0' ],
67 silly audit   'is-number': [ '7.0.0' ],
67 silly audit   'is-plain-obj': [ '3.0.0' ],
67 silly audit   'is-plain-object': [ '2.0.4' ],
67 silly audit   'is-unicode-supported': [ '0.1.0' ],
67 silly audit   'is-wsl': [ '2.2.0' ],
67 silly audit   isarray: [ '1.0.0' ],
67 silly audit   isexe: [ '2.0.0' ],
67 silly audit   isobject: [ '3.0.1' ],
67 silly audit   'javascript-stringify': [ '2.1.0' ],
67 silly audit   joi: [ '17.13.3' ],
67 silly audit   'js-message': [ '1.0.7' ],
67 silly audit   'js-tokens': [ '4.0.0' ],
67 silly audit   'js-yaml': [ '3.14.1' ],
67 silly audit   jsesc: [ '3.0.2' ],
67 silly audit   'json-buffer': [ '3.0.1' ],
67 silly audit   'json-parse-better-errors': [ '1.0.2' ],
67 silly audit   'json-parse-even-better-errors': [ '2.3.1' ],
67 silly audit   'json-stable-stringify-without-jsonify': [ '1.0.1' ],
67 silly audit   json5: [ '2.2.3', '1.0.2' ],
67 silly audit   jsonfile: [ '6.1.0' ],
67 silly audit   keyv: [ '4.5.4' ],
67 silly audit   'kind-of': [ '6.0.3' ],
67 silly audit   klona: [ '2.0.6' ],
67 silly audit   'launch-editor': [ '2.9.1' ],
67 silly audit   'launch-editor-middleware': [ '2.9.1' ],
67 silly audit   levn: [ '0.4.1' ],
67 silly audit   lilconfig: [ '2.1.0' ],
67 silly audit   'lines-and-columns': [ '1.2.4' ],
67 silly audit   'loader-runner': [ '4.3.0' ],
67 silly audit   'locate-path': [ '5.0.0' ],
67 silly audit   lodash: [ '4.17.21' ],
67 silly audit   'lodash.debounce': [ '4.0.8' ],
67 silly audit   'lodash.defaultsdeep': [ '4.6.1' ],
67 silly audit   'lodash.kebabcase': [ '4.1.1' ],
67 silly audit   'lodash.mapvalues': [ '4.6.0' ],
67 silly audit   'lodash.memoize': [ '4.1.2' ],
67 silly audit   'lodash.merge': [ '4.6.2' ],
67 silly audit   'lodash.truncate': [ '4.4.2' ],
67 silly audit   'lodash.uniq': [ '4.5.0' ],
67 silly audit   'lodash.uniqueid': [ '4.0.1' ],
67 silly audit   'log-symbols': [ '4.1.0' ],
67 silly audit   'log-update': [ '2.3.0' ],
67 silly audit   'mimic-fn': [ '1.2.0', '2.1.0' ],
67 silly audit   onetime: [ '2.0.1', '5.1.2' ],
67 silly audit   'restore-cursor': [ '2.0.0', '3.1.0' ],
67 silly audit   'string-width': [ '2.1.1', '4.2.3' ],
67 silly audit   'strip-ansi': [ '4.0.0', '6.0.1' ],
67 silly audit   'wrap-ansi': [ '3.0.1', '7.0.0' ],
67 silly audit   'lower-case': [ '2.0.2' ],
67 silly audit   'magic-string': [ '0.30.14' ],
67 silly audit   'make-dir': [ '3.1.0' ],
67 silly audit   'mdn-data': [ '2.0.14' ],
67 silly audit   'media-typer': [ '0.3.0' ],
67 silly audit   memfs: [ '3.5.3' ],
67 silly audit   'merge-descriptors': [ '1.0.3' ],
67 silly audit   'merge-source-map': [ '1.1.0' ],
67 silly audit   'merge-stream': [ '2.0.0' ],
67 silly audit   merge2: [ '1.4.1' ],
67 silly audit   methods: [ '1.1.2' ],
67 silly audit   micromatch: [ '4.0.8' ],
67 silly audit   mime: [ '1.6.0' ],
67 silly audit   'mime-db': [ '1.52.0' ],
67 silly audit   'mime-types': [ '2.1.35' ],
67 silly audit   'mini-css-extract-plugin': [ '2.9.2' ],
67 silly audit   'minimalistic-assert': [ '1.0.1' ],
67 silly audit   minimatch: [ '3.1.2' ],
67 silly audit   minimist: [ '1.2.8' ],
67 silly audit   minipass: [ '3.3.6' ],
67 silly audit   mkdirp: [ '0.5.6' ],
67 silly audit   'module-alias': [ '2.2.3' ],
67 silly audit   mrmime: [ '2.0.0' ],
67 silly audit   'multicast-dns': [ '7.2.5' ],
67 silly audit   mz: [ '2.7.0' ],
67 silly audit   nanoid: [ '3.3.8' ],
67 silly audit   'natural-compare': [ '1.4.0' ],
67 silly audit   'neo-async': [ '2.6.2' ],
67 silly audit   'nice-try': [ '1.0.5' ],
67 silly audit   'no-case': [ '3.0.4' ],
67 silly audit   'node-fetch': [ '2.7.0' ],
67 silly audit   'node-forge': [ '1.3.1' ],
67 silly audit   'node-releases': [ '2.0.18' ],
67 silly audit   'normalize-package-data': [ '2.5.0' ],
67 silly audit   'normalize-path': [ '3.0.0', '1.0.0' ],
67 silly audit   'normalize-range': [ '0.1.2' ],
67 silly audit   'normalize-url': [ '6.1.0' ],
67 silly audit   'nth-check': [ '2.1.1' ],
67 silly audit   'object-assign': [ '4.1.1' ],
67 silly audit   'object-inspect': [ '1.13.3' ],
67 silly audit   'object-keys': [ '1.1.1' ],
67 silly audit   'object.assign': [ '4.1.5' ],
67 silly audit   obuf: [ '1.1.2' ],
67 silly audit   'on-finished': [ '2.4.1' ],
67 silly audit   'on-headers': [ '1.0.2' ],
67 silly audit   once: [ '1.4.0' ],
67 silly audit   open: [ '8.4.2' ],
67 silly audit   opener: [ '1.5.2' ],
67 silly audit   optionator: [ '0.9.4' ],
67 silly audit   ora: [ '5.4.1' ],
67 silly audit   'p-finally': [ '1.0.0' ],
67 silly audit   'p-limit': [ '2.3.0' ],
67 silly audit   'p-locate': [ '4.1.0' ],
67 silly audit   'p-retry': [ '4.6.2' ],
67 silly audit   'p-try': [ '2.2.0' ],
67 silly audit   'param-case': [ '3.0.4' ],
67 silly audit   'parent-module': [ '1.0.1' ],
67 silly audit   'parse-json': [ '5.2.0' ],
67 silly audit   parse5: [ '5.1.1', '6.0.1' ],
67 silly audit   'parse5-htmlparser2-tree-adapter': [ '6.0.1' ],
67 silly audit   parseurl: [ '1.3.3' ],
67 silly audit   'pascal-case': [ '3.1.2' ],
67 silly audit   'path-exists': [ '4.0.0' ],
67 silly audit   'path-is-absolute': [ '1.0.1' ],
67 silly audit   'path-parse': [ '1.0.7' ],
67 silly audit   'path-to-regexp': [ '0.1.10' ],
67 silly audit   'path-type': [ '4.0.0' ],
67 silly audit   picomatch: [ '2.3.1' ],
67 silly audit   'pkg-dir': [ '4.2.0' ],
67 silly audit   portfinder: [ '1.0.32' ],
67 silly audit   'postcss-calc': [ '8.2.4' ],
67 silly audit   'postcss-colormin': [ '5.3.1' ],
67 silly audit   'postcss-convert-values': [ '5.1.3' ],
67 silly audit   'postcss-discard-comments': [ '5.1.2' ],
67 silly audit   'postcss-discard-duplicates': [ '5.1.0' ],
67 silly audit   'postcss-discard-empty': [ '5.1.1' ],
67 silly audit   'postcss-discard-overridden': [ '5.1.0' ],
67 silly audit   'postcss-loader': [ '6.2.1' ],
67 silly audit   'postcss-merge-longhand': [ '5.1.7' ],
67 silly audit   'postcss-merge-rules': [ '5.1.4' ],
67 silly audit   'postcss-minify-font-values': [ '5.1.0' ],
67 silly audit   'postcss-minify-gradients': [ '5.1.1' ],
67 silly audit   'postcss-minify-params': [ '5.1.4' ],
67 silly audit   'postcss-minify-selectors': [ '5.2.1' ],
67 silly audit   'postcss-modules-extract-imports': [ '3.1.0' ],
67 silly audit   'postcss-modules-local-by-default': [ '4.1.0' ],
67 silly audit   'postcss-selector-parser': [ '7.0.0', '6.1.2' ],
67 silly audit   'postcss-modules-scope': [ '3.2.1' ],
67 silly audit   'postcss-modules-values': [ '4.0.0' ],
67 silly audit   'postcss-normalize-charset': [ '5.1.0' ],
67 silly audit   'postcss-normalize-display-values': [ '5.1.0' ],
67 silly audit   'postcss-normalize-positions': [ '5.1.1' ],
67 silly audit   'postcss-normalize-repeat-style': [ '5.1.1' ],
67 silly audit   'postcss-normalize-string': [ '5.1.0' ],
67 silly audit   'postcss-normalize-timing-functions': [ '5.1.0' ],
67 silly audit   'postcss-normalize-unicode': [ '5.1.1' ],
67 silly audit   'postcss-normalize-url': [ '5.1.0' ],
67 silly audit   'postcss-normalize-whitespace': [ '5.1.1' ],
67 silly audit   'postcss-ordered-values': [ '5.1.3' ],
67 silly audit   'postcss-reduce-initial': [ '5.1.2' ],
67 silly audit   'postcss-reduce-transforms': [ '5.1.0' ],
67 silly audit   'postcss-svgo': [ '5.1.0' ],
67 silly audit   'postcss-unique-selectors': [ '5.1.1' ],
67 silly audit   'postcss-value-parser': [ '4.2.0' ],
67 silly audit   'prelude-ls': [ '1.2.1' ],
67 silly audit   prettier: [ '2.8.8' ],
67 silly audit   'pretty-error': [ '4.0.0' ],
67 silly audit   'process-nextick-args': [ '2.0.1' ],
67 silly audit   progress: [ '2.0.3' ],
67 silly audit   'progress-webpack-plugin': [ '1.0.16' ],
67 silly audit   'proxy-addr': [ '2.0.7' ],
67 silly audit   pseudomap: [ '1.0.2' ],
67 silly audit   pump: [ '3.0.2' ],
67 silly audit   punycode: [ '2.3.1' ],
67 silly audit   qs: [ '6.13.0' ],
67 silly audit   'queue-microtask': [ '1.2.3' ],
67 silly audit   randombytes: [ '2.1.0' ],
67 silly audit   'range-parser': [ '1.2.1' ],
67 silly audit   'raw-body': [ '2.5.2' ],
67 silly audit   'read-pkg': [ '5.2.0' ],
67 silly audit   'read-pkg-up': [ '7.0.1' ],
67 silly audit   readdirp: [ '3.6.0' ],
67 silly audit   regenerate: [ '1.4.2' ],
67 silly audit   'regenerate-unicode-properties': [ '10.2.0' ],
67 silly audit   'regenerator-runtime': [ '0.14.1' ],
67 silly audit   'regenerator-transform': [ '0.15.2' ],
67 silly audit   regexpp: [ '3.2.0' ],
67 silly audit   'regexpu-core': [ '6.2.0' ],
67 silly audit   regjsgen: [ '0.8.0' ],
67 silly audit   regjsparser: [ '0.12.0' ],
67 silly audit   relateurl: [ '0.2.7' ],
67 silly audit   renderkid: [ '3.0.0' ],
67 silly audit   'require-directory': [ '2.1.1' ],
67 silly audit   'require-from-string': [ '2.0.2' ],
67 silly audit   'requires-port': [ '1.0.0' ],
67 silly audit   resolve: [ '1.22.8' ],
67 silly audit   'resolve-from': [ '4.0.0' ],
67 silly audit   retry: [ '0.13.1' ],
67 silly audit   reusify: [ '1.0.4' ],
67 silly audit   rimraf: [ '3.0.2' ],
67 silly audit   'run-parallel': [ '1.2.0' ],
67 silly audit   'safer-buffer': [ '2.1.2' ],
67 silly audit   'select-hose': [ '2.0.0' ],
67 silly audit   selfsigned: [ '2.4.1' ],
67 silly audit   send: [ '0.19.0' ],
67 silly audit   'serialize-javascript': [ '6.0.2' ],
67 silly audit   'serve-index': [ '1.9.1' ],
67 silly audit   setprototypeof: [ '1.1.0', '1.2.0' ],
67 silly audit   statuses: [ '1.5.0', '2.0.1' ],
67 silly audit   'serve-static': [ '1.16.2' ],
67 silly audit   'set-function-length': [ '1.2.2' ],
67 silly audit   'shallow-clone': [ '3.0.1' ],
67 silly audit   'shell-quote': [ '1.8.2' ],
67 silly audit   'side-channel': [ '1.0.6' ],
67 silly audit   'signal-exit': [ '3.0.7' ],
67 silly audit   sirv: [ '2.0.4' ],
67 silly audit   slash: [ '3.0.0' ],
67 silly audit   'slice-ansi': [ '4.0.0' ],
67 silly audit   sockjs: [ '0.3.24' ],
67 silly audit   'source-map': [ '0.6.1' ],
67 silly audit   'source-map-js': [ '1.2.1' ],
67 silly audit   'source-map-support': [ '0.5.21' ],
67 silly audit   'spdx-correct': [ '3.2.0' ],
67 silly audit   'spdx-exceptions': [ '2.5.0' ],
67 silly audit   'spdx-expression-parse': [ '3.0.1' ],
67 silly audit   'spdx-license-ids': [ '3.0.20' ],
67 silly audit   spdy: [ '4.0.2' ],
67 silly audit   'spdy-transport': [ '3.0.0' ],
67 silly audit   'sprintf-js': [ '1.0.3' ],
67 silly audit   ssri: [ '8.0.1' ],
67 silly audit   stable: [ '0.1.8' ],
67 silly audit   stackframe: [ '1.3.4' ],
67 silly audit   'strip-eof': [ '1.0.0' ],
67 silly audit   'strip-final-newline': [ '2.0.0' ],
67 silly audit   'strip-indent': [ '2.0.0' ],
67 silly audit   'strip-json-comments': [ '3.1.1' ],
67 silly audit   stylehacks: [ '5.1.1' ],
67 silly audit   'supports-preserve-symlinks-flag': [ '1.0.0' ],
67 silly audit   'svg-tags': [ '1.0.0' ],
67 silly audit   svgo: [ '2.8.0' ],
67 silly audit   table: [ '6.8.2' ],
67 silly audit   tapable: [ '2.2.1' ],
67 silly audit   terser: [ '5.36.0' ],
67 silly audit   'terser-webpack-plugin': [ '5.3.10' ],
67 silly audit   'text-table': [ '0.2.0' ],
67 silly audit   thenify: [ '3.3.1' ],
67 silly audit   'thenify-all': [ '1.6.0' ],
67 silly audit   'thread-loader': [ '3.0.4' ],
67 silly audit   thunky: [ '1.1.0' ],
67 silly audit   'to-regex-range': [ '5.0.1' ],
67 silly audit   toidentifier: [ '1.0.1' ],
67 silly audit   totalist: [ '3.0.1' ],
67 silly audit   tr46: [ '0.0.3' ],
67 silly audit   tslib: [ '2.8.1', '2.3.0' ],
67 silly audit   'type-check': [ '0.4.0' ],
67 silly audit   'type-is': [ '1.6.18' ],
67 silly audit   'undici-types': [ '6.20.0' ],
67 silly audit   'unicode-canonical-property-names-ecmascript': [ '2.0.1' ],
67 silly audit   'unicode-match-property-ecmascript': [ '2.0.0' ],
67 silly audit   'unicode-match-property-value-ecmascript': [ '2.2.0' ],
67 silly audit   'unicode-property-aliases-ecmascript': [ '2.1.0' ],
67 silly audit   universalify: [ '2.0.1' ],
67 silly audit   unpipe: [ '1.0.0' ],
67 silly audit   'update-browserslist-db': [ '1.1.1' ],
67 silly audit   'uri-js': [ '4.4.1' ],
67 silly audit   'util-deprecate': [ '1.0.2' ],
67 silly audit   utila: [ '0.4.0' ],
67 silly audit   'utils-merge': [ '1.0.1' ],
67 silly audit   uuid: [ '8.3.2' ],
67 silly audit   'v8-compile-cache': [ '2.4.0' ],
67 silly audit   'validate-npm-package-license': [ '3.0.4' ],
67 silly audit   vary: [ '1.1.2' ],
67 silly audit   'vue-eslint-parser': [ '8.3.0' ],
67 silly audit   'vue-hot-reload-api': [ '2.3.4' ],
67 silly audit   'vue-style-loader': [ '4.1.3' ],
67 silly audit   'vue-template-es2015-compiler': [ '1.9.1' ],
67 silly audit   watchpack: [ '2.4.2' ],
67 silly audit   wbuf: [ '1.7.3' ],
67 silly audit   wcwidth: [ '1.0.1' ],
67 silly audit   'webidl-conversions': [ '3.0.1' ],
67 silly audit   webpack: [ '5.97.0' ],
67 silly audit   'webpack-bundle-analyzer': [ '4.10.2' ],
67 silly audit   'webpack-chain': [ '6.5.1' ],
67 silly audit   'webpack-dev-middleware': [ '5.3.4' ],
67 silly audit   'webpack-dev-server': [ '4.15.2' ],
67 silly audit   ws: [ '8.18.0', '7.5.10' ],
67 silly audit   'webpack-merge': [ '5.10.0' ],
67 silly audit   'webpack-sources': [ '3.2.3' ],
67 silly audit   'webpack-virtual-modules': [ '0.4.6' ],
67 silly audit   'websocket-driver': [ '0.7.4' ],
67 silly audit   'websocket-extensions': [ '0.1.4' ],
67 silly audit   'whatwg-fetch': [ '3.6.20' ],
67 silly audit   'whatwg-url': [ '5.0.0' ],
67 silly audit   wildcard: [ '2.0.1' ],
67 silly audit   'word-wrap': [ '1.2.5' ],
67 silly audit   wrappy: [ '1.0.2' ],
67 silly audit   y18n: [ '5.0.8' ],
67 silly audit   yaml: [ '1.10.2' ],
67 silly audit   yargs: [ '16.2.0' ],
67 silly audit   'yargs-parser': [ '20.2.9' ],
67 silly audit   yorkie: [ '2.0.0' ],
67 silly audit   echarts: [ '5.5.1' ],
67 silly audit   'vue-echarts': [ '7.0.3' ],
67 silly audit   zrender: [ '5.6.0' ],
67 silly audit   'vue-demi': [ '0.13.11' ]
67 silly audit }
68 verbose reify failed optional dependency D:\Web\vue\echarts\node_modules\fsevents
69 silly reify mark deleted [ 'D:\\Web\\vue\\echarts\\node_modules\\fsevents' ]
70 http cache tslib@https://registry.npmjs.org/tslib/-/tslib-2.3.0.tgz 1ms (cache hit)
71 http cache zrender@https://registry.npmjs.org/zrender/-/zrender-5.6.0.tgz 0ms (cache hit)
72 http cache vue-demi@https://registry.npmjs.org/vue-demi/-/vue-demi-0.13.11.tgz 0ms (cache hit)
73 http cache tslib@https://registry.npmjs.org/tslib/-/tslib-2.3.0.tgz 0ms (cache hit)
74 http cache vue-echarts@https://registry.npmjs.org/vue-echarts/-/vue-echarts-7.0.3.tgz 0ms (cache hit)
75 silly tarball no local data for tslib@https://registry.npmjs.org/tslib/-/tslib-2.3.0.tgz. Extracting by manifest.
76 http cache echarts@https://registry.npmjs.org/echarts/-/echarts-5.5.1.tgz 0ms (cache hit)
77 silly tarball no local data for zrender@https://registry.npmjs.org/zrender/-/zrender-5.6.0.tgz. Extracting by manifest.
78 silly tarball no local data for vue-demi@https://registry.npmjs.org/vue-demi/-/vue-demi-0.13.11.tgz. Extracting by manifest.
79 silly tarball no local data for tslib@https://registry.npmjs.org/tslib/-/tslib-2.3.0.tgz. Extracting by manifest.
80 silly tarball no local data for vue-echarts@https://registry.npmjs.org/vue-echarts/-/vue-echarts-7.0.3.tgz. Extracting by manifest.
81 silly tarball no local data for echarts@https://registry.npmjs.org/echarts/-/echarts-5.5.1.tgz. Extracting by manifest.
82 http fetch GET 200 https://registry.npmjs.org/tslib/-/tslib-2.3.0.tgz 123ms (cache miss)
83 http fetch POST 200 https://registry.npmjs.org/-/npm/v1/security/advisories/bulk 273ms
84 silly audit report {
84 silly audit report   postcss: [
84 silly audit report     {
84 silly audit report       id: 1094544,
84 silly audit report       url: 'https://github.com/advisories/GHSA-7fh5-64p2-3v2j',
84 silly audit report       title: 'PostCSS line return parsing error',
84 silly audit report       severity: 'moderate',
84 silly audit report       vulnerable_versions: '<8.4.31',
84 silly audit report       cwe: [Array],
84 silly audit report       cvss: [Object]
84 silly audit report     }
84 silly audit report   ],
84 silly audit report   'cross-spawn': [
84 silly audit report     {
84 silly audit report       id: 1100562,
84 silly audit report       url: 'https://github.com/advisories/GHSA-3xgq-45jj-v275',
84 silly audit report       title: 'Regular Expression Denial of Service (ReDoS) in cross-spawn',
84 silly audit report       severity: 'high',
84 silly audit report       vulnerable_versions: '<6.0.6',
84 silly audit report       cwe: [Array],
84 silly audit report       cvss: [Object]
84 silly audit report     }
84 silly audit report   ]
84 silly audit report }
85 silly packumentCache corgi:https://registry.npmjs.org/postcss cache-miss
86 silly packumentCache corgi:https://registry.npmjs.org/cross-spawn cache-miss
87 http fetch GET 200 https://registry.npmjs.org/vue-echarts/-/vue-echarts-7.0.3.tgz 344ms (cache miss)
88 http fetch GET 200 https://registry.npmjs.org/postcss 119ms (cache miss)
89 silly packumentCache corgi:https://registry.npmjs.org/postcss set size:undefined disposed:false
90 http fetch GET 200 https://registry.npmjs.org/cross-spawn 125ms (cache miss)
91 silly packumentCache corgi:https://registry.npmjs.org/cross-spawn set size:undefined disposed:false
92 silly packumentCache corgi:https://registry.npmjs.org/@vue%2fcomponent-compiler-utils cache-miss
93 http fetch GET 200 https://registry.npmjs.org/@vue%2fcomponent-compiler-utils 138ms (cache miss)
94 silly packumentCache corgi:https://registry.npmjs.org/@vue%2fcomponent-compiler-utils set size:undefined disposed:false
95 silly packumentCache corgi:https://registry.npmjs.org/execa cache-miss
96 http fetch GET 200 https://registry.npmjs.org/execa 121ms (cache miss)
97 silly packumentCache corgi:https://registry.npmjs.org/execa set size:undefined disposed:false
98 silly packumentCache corgi:https://registry.npmjs.org/@vue%2fcli-service cache-miss
99 silly packumentCache corgi:https://registry.npmjs.org/vue-loader cache-miss
100 http fetch GET 200 https://registry.npmjs.org/tslib/-/tslib-2.3.0.tgz 736ms (cache miss)
101 http fetch GET 200 https://registry.npmjs.org/vue-demi/-/vue-demi-0.13.11.tgz 765ms (cache miss)
102 http fetch GET 200 https://registry.npmjs.org/zrender/-/zrender-5.6.0.tgz 770ms (cache miss)
103 http fetch GET 200 https://registry.npmjs.org/vue-loader 209ms (cache miss)
104 silly packumentCache corgi:https://registry.npmjs.org/vue-loader set size:undefined disposed:false
105 http fetch GET 200 https://registry.npmjs.org/@vue%2fcli-service 346ms (cache miss)
106 silly packumentCache corgi:https://registry.npmjs.org/@vue%2fcli-service set size:undefined disposed:false
107 silly packumentCache corgi:https://registry.npmjs.org/yorkie cache-miss
108 http fetch GET 200 https://registry.npmjs.org/yorkie 208ms (cache miss)
109 silly packumentCache corgi:https://registry.npmjs.org/yorkie set size:undefined disposed:false
110 silly packumentCache corgi:https://registry.npmjs.org/@vue%2fcli-plugin-babel cache-miss
111 silly packumentCache corgi:https://registry.npmjs.org/@vue%2fcli-plugin-eslint cache-miss
112 silly packumentCache corgi:https://registry.npmjs.org/@vue%2fcli-plugin-router cache-miss
113 silly packumentCache corgi:https://registry.npmjs.org/@vue%2fcli-plugin-vuex cache-miss
114 http fetch GET 200 https://registry.npmjs.org/@vue%2fcli-plugin-router 248ms (cache miss)
115 silly packumentCache corgi:https://registry.npmjs.org/@vue%2fcli-plugin-router set size:undefined disposed:false
116 http fetch GET 200 https://registry.npmjs.org/@vue%2fcli-plugin-vuex 772ms (cache miss)
117 silly packumentCache corgi:https://registry.npmjs.org/@vue%2fcli-plugin-vuex set size:undefined disposed:false
118 http fetch GET 200 https://registry.npmjs.org/@vue%2fcli-plugin-eslint 914ms (cache miss)
119 silly packumentCache corgi:https://registry.npmjs.org/@vue%2fcli-plugin-eslint set size:undefined disposed:false
120 http fetch GET 200 https://registry.npmjs.org/@vue%2fcli-plugin-babel 950ms (cache miss)
121 silly packumentCache corgi:https://registry.npmjs.org/@vue%2fcli-plugin-babel set size:undefined disposed:false
122 http fetch GET 200 https://registry.npmjs.org/echarts/-/echarts-5.5.1.tgz 3868ms (cache miss)
123 info run vue-demi@0.13.11 postinstall node_modules/vue-demi node ./scripts/postinstall.js
124 info run vue-demi@0.13.11 postinstall { code: 0, signal: null }
125 silly ADD node_modules/vue-demi
126 silly ADD node_modules/zrender
127 silly ADD node_modules/zrender/node_modules/tslib
128 silly ADD node_modules/vue-echarts
129 silly ADD node_modules/echarts
130 silly ADD node_modules/echarts/node_modules/tslib
131 silly ADD
132 verbose cwd D:\Web\vue\echarts
133 verbose os Windows_NT 10.0.22631
134 verbose node v23.3.0
135 verbose npm  v10.9.1
136 verbose exit 0
137 info ok
